2015/12/02 21:54:08 [error] [exception.CHttpException.404] exception 'CHttpException' with message 'Unable to resolve the request "js/bootstrap.min.js".' in C:\wamp\www\yii\framework\web\CWebApplication.php:286
Stack trace:
#0 C:\wamp\www\yii\framework\web\CWebApplication.php(141): CWebApplication->runController('js/bootstrap.mi...')
#1 C:\wamp\www\yii\framework\base\CApplication.php(180): CWebApplication->processRequest()
#2 C:\wamp\www\convenios\index.php(13): CApplication->run()
#3 {main}
REQUEST_URI=/convenios/js/bootstrap.min.js
HTTP_REFERER=http://localhost:8080/convenios/
---
2015/12/02 21:54:08 [error] [exception.CHttpException.404] exception 'CHttpException' with message 'Unable to resolve the request "img/LogoUnet.png".' in C:\wamp\www\yii\framework\web\CWebApplication.php:286
Stack trace:
#0 C:\wamp\www\yii\framework\web\CWebApplication.php(141): CWebApplication->runController('img/LogoUnet.pn...')
#1 C:\wamp\www\yii\framework\base\CApplication.php(180): CWebApplication->processRequest()
#2 C:\wamp\www\convenios\index.php(13): CApplication->run()
#3 {main}
REQUEST_URI=/convenios/img/LogoUnet.png
HTTP_REFERER=http://localhost:8080/convenios/
---
2015/12/02 21:54:08 [error] [exception.CHttpException.404] exception 'CHttpException' with message 'Unable to resolve the request "img/Manos3.png".' in C:\wamp\www\yii\framework\web\CWebApplication.php:286
Stack trace:
#0 C:\wamp\www\yii\framework\web\CWebApplication.php(141): CWebApplication->runController('img/Manos3.png')
#1 C:\wamp\www\yii\framework\base\CApplication.php(180): CWebApplication->processRequest()
#2 C:\wamp\www\convenios\index.php(13): CApplication->run()
#3 {main}
REQUEST_URI=/convenios/img/Manos3.png
HTTP_REFERER=http://localhost:8080/convenios/
---
2015/12/02 21:56:24 [error] [exception.CHttpException.404] exception 'CHttpException' with message 'Unable to resolve the request "img/LogoUnet.png".' in C:\wamp\www\yii\framework\web\CWebApplication.php:286
Stack trace:
#0 C:\wamp\www\yii\framework\web\CWebApplication.php(141): CWebApplication->runController('img/LogoUnet.pn...')
#1 C:\wamp\www\yii\framework\base\CApplication.php(180): CWebApplication->processRequest()
#2 C:\wamp\www\convenios\index.php(13): CApplication->run()
#3 {main}
REQUEST_URI=/convenios/img/LogoUnet.png
HTTP_REFERER=http://localhost:8080/convenios/
---
2015/12/02 21:56:24 [error] [exception.CHttpException.404] exception 'CHttpException' with message 'Unable to resolve the request "js/bootstrap.min.js".' in C:\wamp\www\yii\framework\web\CWebApplication.php:286
Stack trace:
#0 C:\wamp\www\yii\framework\web\CWebApplication.php(141): CWebApplication->runController('js/bootstrap.mi...')
#1 C:\wamp\www\yii\framework\base\CApplication.php(180): CWebApplication->processRequest()
#2 C:\wamp\www\convenios\index.php(13): CApplication->run()
#3 {main}
REQUEST_URI=/convenios/js/bootstrap.min.js
HTTP_REFERER=http://localhost:8080/convenios/
---
2015/12/02 21:56:24 [error] [exception.CHttpException.404] exception 'CHttpException' with message 'Unable to resolve the request "img/Manos3.png".' in C:\wamp\www\yii\framework\web\CWebApplication.php:286
Stack trace:
#0 C:\wamp\www\yii\framework\web\CWebApplication.php(141): CWebApplication->runController('img/Manos3.png')
#1 C:\wamp\www\yii\framework\base\CApplication.php(180): CWebApplication->processRequest()
#2 C:\wamp\www\convenios\index.php(13): CApplication->run()
#3 {main}
REQUEST_URI=/convenios/img/Manos3.png
HTTP_REFERER=http://localhost:8080/convenios/
---
2015/12/02 21:57:35 [error] [exception.CHttpException.404] exception 'CHttpException' with message 'Unable to resolve the request "img/LogoUnet.png".' in C:\wamp\www\yii\framework\web\CWebApplication.php:286
Stack trace:
#0 C:\wamp\www\yii\framework\web\CWebApplication.php(141): CWebApplication->runController('img/LogoUnet.pn...')
#1 C:\wamp\www\yii\framework\base\CApplication.php(180): CWebApplication->processRequest()
#2 C:\wamp\www\convenios\index.php(13): CApplication->run()
#3 {main}
REQUEST_URI=/convenios/img/LogoUnet.png
HTTP_REFERER=http://localhost:8080/convenios/
---
2015/12/02 21:57:35 [error] [exception.CHttpException.404] exception 'CHttpException' with message 'Unable to resolve the request "js/bootstrap.min.js".' in C:\wamp\www\yii\framework\web\CWebApplication.php:286
Stack trace:
#0 C:\wamp\www\yii\framework\web\CWebApplication.php(141): CWebApplication->runController('js/bootstrap.mi...')
#1 C:\wamp\www\yii\framework\base\CApplication.php(180): CWebApplication->processRequest()
#2 C:\wamp\www\convenios\index.php(13): CApplication->run()
#3 {main}
REQUEST_URI=/convenios/js/bootstrap.min.js
HTTP_REFERER=http://localhost:8080/convenios/
---
2015/12/02 21:57:35 [error] [exception.CHttpException.404] exception 'CHttpException' with message 'Unable to resolve the request "img/Manos3.png".' in C:\wamp\www\yii\framework\web\CWebApplication.php:286
Stack trace:
#0 C:\wamp\www\yii\framework\web\CWebApplication.php(141): CWebApplication->runController('img/Manos3.png')
#1 C:\wamp\www\yii\framework\base\CApplication.php(180): CWebApplication->processRequest()
#2 C:\wamp\www\convenios\index.php(13): CApplication->run()
#3 {main}
REQUEST_URI=/convenios/img/Manos3.png
HTTP_REFERER=http://localhost:8080/convenios/
---
2015/12/02 22:00:46 [error] [exception.CHttpException.404] exception 'CHttpException' with message 'Unable to resolve the request "img/LogoUnet.png".' in C:\wamp\www\yii\framework\web\CWebApplication.php:286
Stack trace:
#0 C:\wamp\www\yii\framework\web\CWebApplication.php(141): CWebApplication->runController('img/LogoUnet.pn...')
#1 C:\wamp\www\yii\framework\base\CApplication.php(180): CWebApplication->processRequest()
#2 C:\wamp\www\convenios\index.php(13): CApplication->run()
#3 {main}
REQUEST_URI=/convenios/img/LogoUnet.png
HTTP_REFERER=http://localhost:8080/convenios/
---
2015/12/02 22:00:46 [error] [exception.CHttpException.404] exception 'CHttpException' with message 'Unable to resolve the request "img/Manos3.png".' in C:\wamp\www\yii\framework\web\CWebApplication.php:286
Stack trace:
#0 C:\wamp\www\yii\framework\web\CWebApplication.php(141): CWebApplication->runController('img/Manos3.png')
#1 C:\wamp\www\yii\framework\base\CApplication.php(180): CWebApplication->processRequest()
#2 C:\wamp\www\convenios\index.php(13): CApplication->run()
#3 {main}
REQUEST_URI=/convenios/img/Manos3.png
HTTP_REFERER=http://localhost:8080/convenios/
---
2015/12/02 22:00:46 [error] [exception.CHttpException.404] exception 'CHttpException' with message 'Unable to resolve the request "js/bootstrap.min.js".' in C:\wamp\www\yii\framework\web\CWebApplication.php:286
Stack trace:
#0 C:\wamp\www\yii\framework\web\CWebApplication.php(141): CWebApplication->runController('js/bootstrap.mi...')
#1 C:\wamp\www\yii\framework\base\CApplication.php(180): CWebApplication->processRequest()
#2 C:\wamp\www\convenios\index.php(13): CApplication->run()
#3 {main}
REQUEST_URI=/convenios/js/bootstrap.min.js
HTTP_REFERER=http://localhost:8080/convenios/
---
2015/12/02 22:13:47 [error] [exception.CHttpException.404] exception 'CHttpException' with message 'Unable to resolve the request "css/bootstrap.min.css".' in C:\wamp\www\yii\framework\web\CWebApplication.php:286
Stack trace:
#0 C:\wamp\www\yii\framework\web\CWebApplication.php(141): CWebApplication->runController('css/bootstrap.m...')
#1 C:\wamp\www\yii\framework\base\CApplication.php(180): CWebApplication->processRequest()
#2 C:\wamp\www\convenios\index.php(13): CApplication->run()
#3 {main}
REQUEST_URI=/convenios/css/bootstrap.min.css
HTTP_REFERER=http://localhost:8080/convenios/site/login
---
2015/12/02 22:13:47 [error] [exception.CHttpException.404] exception 'CHttpException' with message 'Unable to resolve the request "css/responsive.min.css".' in C:\wamp\www\yii\framework\web\CWebApplication.php:286
Stack trace:
#0 C:\wamp\www\yii\framework\web\CWebApplication.php(141): CWebApplication->runController('css/responsive....')
#1 C:\wamp\www\yii\framework\base\CApplication.php(180): CWebApplication->processRequest()
#2 C:\wamp\www\convenios\index.php(13): CApplication->run()
#3 {main}
REQUEST_URI=/convenios/css/responsive.min.css
HTTP_REFERER=http://localhost:8080/convenios/site/login
---
2015/12/02 22:13:49 [error] [exception.CHttpException.404] exception 'CHttpException' with message 'Unable to resolve the request "css/bootstrap.min.css".' in C:\wamp\www\yii\framework\web\CWebApplication.php:286
Stack trace:
#0 C:\wamp\www\yii\framework\web\CWebApplication.php(141): CWebApplication->runController('css/bootstrap.m...')
#1 C:\wamp\www\yii\framework\base\CApplication.php(180): CWebApplication->processRequest()
#2 C:\wamp\www\convenios\index.php(13): CApplication->run()
#3 {main}
REQUEST_URI=/convenios/css/bootstrap.min.css
HTTP_REFERER=http://localhost:8080/convenios/site/login
---
2015/12/02 22:13:49 [error] [exception.CHttpException.404] exception 'CHttpException' with message 'Unable to resolve the request "css/responsive.min.css".' in C:\wamp\www\yii\framework\web\CWebApplication.php:286
Stack trace:
#0 C:\wamp\www\yii\framework\web\CWebApplication.php(141): CWebApplication->runController('css/responsive....')
#1 C:\wamp\www\yii\framework\base\CApplication.php(180): CWebApplication->processRequest()
#2 C:\wamp\www\convenios\index.php(13): CApplication->run()
#3 {main}
REQUEST_URI=/convenios/css/responsive.min.css
HTTP_REFERER=http://localhost:8080/convenios/site/login
---
2015/12/02 22:14:31 [error] [exception.CHttpException.404] exception 'CHttpException' with message 'Unable to resolve the request "css/bootstrap.min.css".' in C:\wamp\www\yii\framework\web\CWebApplication.php:286
Stack trace:
#0 C:\wamp\www\yii\framework\web\CWebApplication.php(141): CWebApplication->runController('css/bootstrap.m...')
#1 C:\wamp\www\yii\framework\base\CApplication.php(180): CWebApplication->processRequest()
#2 C:\wamp\www\convenios\index.php(13): CApplication->run()
#3 {main}
REQUEST_URI=/convenios/css/bootstrap.min.css
HTTP_REFERER=http://localhost:8080/convenios/site/login
---
2015/12/02 22:14:31 [error] [exception.CHttpException.404] exception 'CHttpException' with message 'Unable to resolve the request "css/responsive.min.css".' in C:\wamp\www\yii\framework\web\CWebApplication.php:286
Stack trace:
#0 C:\wamp\www\yii\framework\web\CWebApplication.php(141): CWebApplication->runController('css/responsive....')
#1 C:\wamp\www\yii\framework\base\CApplication.php(180): CWebApplication->processRequest()
#2 C:\wamp\www\convenios\index.php(13): CApplication->run()
#3 {main}
REQUEST_URI=/convenios/css/responsive.min.css
HTTP_REFERER=http://localhost:8080/convenios/site/login
---
2015/12/02 22:14:38 [error] [exception.CHttpException.404] exception 'CHttpException' with message 'Unable to resolve the request "css/bootstrap.min.css".' in C:\wamp\www\yii\framework\web\CWebApplication.php:286
Stack trace:
#0 C:\wamp\www\yii\framework\web\CWebApplication.php(141): CWebApplication->runController('css/bootstrap.m...')
#1 C:\wamp\www\yii\framework\base\CApplication.php(180): CWebApplication->processRequest()
#2 C:\wamp\www\convenios\index.php(13): CApplication->run()
#3 {main}
REQUEST_URI=/convenios/css/bootstrap.min.css
HTTP_REFERER=http://localhost:8080/convenios/
---
2015/12/02 22:14:38 [error] [exception.CHttpException.404] exception 'CHttpException' with message 'Unable to resolve the request "css/responsive.min.css".' in C:\wamp\www\yii\framework\web\CWebApplication.php:286
Stack trace:
#0 C:\wamp\www\yii\framework\web\CWebApplication.php(141): CWebApplication->runController('css/responsive....')
#1 C:\wamp\www\yii\framework\base\CApplication.php(180): CWebApplication->processRequest()
#2 C:\wamp\www\convenios\index.php(13): CApplication->run()
#3 {main}
REQUEST_URI=/convenios/css/responsive.min.css
HTTP_REFERER=http://localhost:8080/convenios/
---
2015/12/02 22:15:15 [error] [exception.CHttpException.404] exception 'CHttpException' with message 'Unable to resolve the request "css/responsive.min.css".' in C:\wamp\www\yii\framework\web\CWebApplication.php:286
Stack trace:
#0 C:\wamp\www\yii\framework\web\CWebApplication.php(141): CWebApplication->runController('css/responsive....')
#1 C:\wamp\www\yii\framework\base\CApplication.php(180): CWebApplication->processRequest()
#2 C:\wamp\www\convenios\index.php(13): CApplication->run()
#3 {main}
REQUEST_URI=/convenios/css/responsive.min.css
HTTP_REFERER=http://localhost:8080/convenios/
---
2015/12/02 22:15:15 [error] [exception.CHttpException.404] exception 'CHttpException' with message 'Unable to resolve the request "css/bootstrap.min.css".' in C:\wamp\www\yii\framework\web\CWebApplication.php:286
Stack trace:
#0 C:\wamp\www\yii\framework\web\CWebApplication.php(141): CWebApplication->runController('css/bootstrap.m...')
#1 C:\wamp\www\yii\framework\base\CApplication.php(180): CWebApplication->processRequest()
#2 C:\wamp\www\convenios\index.php(13): CApplication->run()
#3 {main}
REQUEST_URI=/convenios/css/bootstrap.min.css
HTTP_REFERER=http://localhost:8080/convenios/
---
2015/12/02 22:22:11 [error] [exception.CHttpException.404] exception 'CHttpException' with message 'Unable to resolve the request "css/responsive.min.css".' in C:\wamp\www\yii\framework\web\CWebApplication.php:286
Stack trace:
#0 C:\wamp\www\yii\framework\web\CWebApplication.php(141): CWebApplication->runController('css/responsive....')
#1 C:\wamp\www\yii\framework\base\CApplication.php(180): CWebApplication->processRequest()
#2 C:\wamp\www\convenios\index.php(13): CApplication->run()
#3 {main}
REQUEST_URI=/convenios/css/responsive.min.css
HTTP_REFERER=http://localhost:8080/convenios/
---
2015/12/02 22:22:11 [error] [exception.CHttpException.404] exception 'CHttpException' with message 'Unable to resolve the request "css/bootstrap.min.css".' in C:\wamp\www\yii\framework\web\CWebApplication.php:286
Stack trace:
#0 C:\wamp\www\yii\framework\web\CWebApplication.php(141): CWebApplication->runController('css/bootstrap.m...')
#1 C:\wamp\www\yii\framework\base\CApplication.php(180): CWebApplication->processRequest()
#2 C:\wamp\www\convenios\index.php(13): CApplication->run()
#3 {main}
REQUEST_URI=/convenios/css/bootstrap.min.css
HTTP_REFERER=http://localhost:8080/convenios/
---
2015/12/02 22:22:11 [error] [exception.CHttpException.404] exception 'CHttpException' with message 'Unable to resolve the request "img/LogoUnet.png".' in C:\wamp\www\yii\framework\web\CWebApplication.php:286
Stack trace:
#0 C:\wamp\www\yii\framework\web\CWebApplication.php(141): CWebApplication->runController('img/LogoUnet.pn...')
#1 C:\wamp\www\yii\framework\base\CApplication.php(180): CWebApplication->processRequest()
#2 C:\wamp\www\convenios\index.php(13): CApplication->run()
#3 {main}
REQUEST_URI=/convenios/img/LogoUnet.png
HTTP_REFERER=http://localhost:8080/convenios/
---
2015/12/02 22:22:11 [error] [exception.CHttpException.404] exception 'CHttpException' with message 'Unable to resolve the request "img/Manos3.png".' in C:\wamp\www\yii\framework\web\CWebApplication.php:286
Stack trace:
#0 C:\wamp\www\yii\framework\web\CWebApplication.php(141): CWebApplication->runController('img/Manos3.png')
#1 C:\wamp\www\yii\framework\base\CApplication.php(180): CWebApplication->processRequest()
#2 C:\wamp\www\convenios\index.php(13): CApplication->run()
#3 {main}
REQUEST_URI=/convenios/img/Manos3.png
HTTP_REFERER=http://localhost:8080/convenios/
---
2015/12/02 22:32:19 [error] [exception.CHttpException.404] exception 'CHttpException' with message 'Unable to resolve the request "css/bootstrap.min.css".' in C:\wamp\www\yii\framework\web\CWebApplication.php:286
Stack trace:
#0 C:\wamp\www\yii\framework\web\CWebApplication.php(141): CWebApplication->runController('css/bootstrap.m...')
#1 C:\wamp\www\yii\framework\base\CApplication.php(180): CWebApplication->processRequest()
#2 C:\wamp\www\convenios\index.php(13): CApplication->run()
#3 {main}
REQUEST_URI=/convenios/css/bootstrap.min.css
HTTP_REFERER=http://localhost:8080/convenios/
---
2015/12/02 22:32:19 [error] [exception.CHttpException.404] exception 'CHttpException' with message 'Unable to resolve the request "css/responsive.min.css".' in C:\wamp\www\yii\framework\web\CWebApplication.php:286
Stack trace:
#0 C:\wamp\www\yii\framework\web\CWebApplication.php(141): CWebApplication->runController('css/responsive....')
#1 C:\wamp\www\yii\framework\base\CApplication.php(180): CWebApplication->processRequest()
#2 C:\wamp\www\convenios\index.php(13): CApplication->run()
#3 {main}
REQUEST_URI=/convenios/css/responsive.min.css
HTTP_REFERER=http://localhost:8080/convenios/
---
2015/12/02 22:32:19 [error] [exception.CHttpException.404] exception 'CHttpException' with message 'Unable to resolve the request "img/LogoUnet.png".' in C:\wamp\www\yii\framework\web\CWebApplication.php:286
Stack trace:
#0 C:\wamp\www\yii\framework\web\CWebApplication.php(141): CWebApplication->runController('img/LogoUnet.pn...')
#1 C:\wamp\www\yii\framework\base\CApplication.php(180): CWebApplication->processRequest()
#2 C:\wamp\www\convenios\index.php(13): CApplication->run()
#3 {main}
REQUEST_URI=/convenios/img/LogoUnet.png
HTTP_REFERER=http://localhost:8080/convenios/
---
2015/12/02 22:32:19 [error] [exception.CHttpException.404] exception 'CHttpException' with message 'Unable to resolve the request "img/Manos3.png".' in C:\wamp\www\yii\framework\web\CWebApplication.php:286
Stack trace:
#0 C:\wamp\www\yii\framework\web\CWebApplication.php(141): CWebApplication->runController('img/Manos3.png')
#1 C:\wamp\www\yii\framework\base\CApplication.php(180): CWebApplication->processRequest()
#2 C:\wamp\www\convenios\index.php(13): CApplication->run()
#3 {main}
REQUEST_URI=/convenios/img/Manos3.png
HTTP_REFERER=http://localhost:8080/convenios/
---
2015/12/02 22:32:21 [error] [exception.CHttpException.404] exception 'CHttpException' with message 'Unable to resolve the request "css/responsive.min.css".' in C:\wamp\www\yii\framework\web\CWebApplication.php:286
Stack trace:
#0 C:\wamp\www\yii\framework\web\CWebApplication.php(141): CWebApplication->runController('css/responsive....')
#1 C:\wamp\www\yii\framework\base\CApplication.php(180): CWebApplication->processRequest()
#2 C:\wamp\www\convenios\index.php(13): CApplication->run()
#3 {main}
REQUEST_URI=/convenios/css/responsive.min.css
HTTP_REFERER=http://localhost:8080/convenios/
---
2015/12/02 22:32:21 [error] [exception.CHttpException.404] exception 'CHttpException' with message 'Unable to resolve the request "css/bootstrap.min.css".' in C:\wamp\www\yii\framework\web\CWebApplication.php:286
Stack trace:
#0 C:\wamp\www\yii\framework\web\CWebApplication.php(141): CWebApplication->runController('css/bootstrap.m...')
#1 C:\wamp\www\yii\framework\base\CApplication.php(180): CWebApplication->processRequest()
#2 C:\wamp\www\convenios\index.php(13): CApplication->run()
#3 {main}
REQUEST_URI=/convenios/css/bootstrap.min.css
HTTP_REFERER=http://localhost:8080/convenios/
---
2015/12/02 22:32:21 [error] [exception.CHttpException.404] exception 'CHttpException' with message 'Unable to resolve the request "img/LogoUnet.png".' in C:\wamp\www\yii\framework\web\CWebApplication.php:286
Stack trace:
#0 C:\wamp\www\yii\framework\web\CWebApplication.php(141): CWebApplication->runController('img/LogoUnet.pn...')
#1 C:\wamp\www\yii\framework\base\CApplication.php(180): CWebApplication->processRequest()
#2 C:\wamp\www\convenios\index.php(13): CApplication->run()
#3 {main}
REQUEST_URI=/convenios/img/LogoUnet.png
HTTP_REFERER=http://localhost:8080/convenios/
---
2015/12/02 22:32:21 [error] [exception.CHttpException.404] exception 'CHttpException' with message 'Unable to resolve the request "img/Manos3.png".' in C:\wamp\www\yii\framework\web\CWebApplication.php:286
Stack trace:
#0 C:\wamp\www\yii\framework\web\CWebApplication.php(141): CWebApplication->runController('img/Manos3.png')
#1 C:\wamp\www\yii\framework\base\CApplication.php(180): CWebApplication->processRequest()
#2 C:\wamp\www\convenios\index.php(13): CApplication->run()
#3 {main}
REQUEST_URI=/convenios/img/Manos3.png
HTTP_REFERER=http://localhost:8080/convenios/
---
2015/12/03 02:44:11 [error] [exception.CHttpException.404] exception 'CHttpException' with message 'Unable to resolve the request "css/responsive.min.css".' in C:\wamp\www\yii\framework\web\CWebApplication.php:286
Stack trace:
#0 C:\wamp\www\yii\framework\web\CWebApplication.php(141): CWebApplication->runController('css/responsive....')
#1 C:\wamp\www\yii\framework\base\CApplication.php(180): CWebApplication->processRequest()
#2 C:\wamp\www\convenios\index.php(13): CApplication->run()
#3 {main}
REQUEST_URI=/convenios/css/responsive.min.css
HTTP_REFERER=http://localhost:8080/convenios/
---
2015/12/03 02:44:11 [error] [exception.CHttpException.404] exception 'CHttpException' with message 'Unable to resolve the request "css/bootstrap.min.css".' in C:\wamp\www\yii\framework\web\CWebApplication.php:286
Stack trace:
#0 C:\wamp\www\yii\framework\web\CWebApplication.php(141): CWebApplication->runController('css/bootstrap.m...')
#1 C:\wamp\www\yii\framework\base\CApplication.php(180): CWebApplication->processRequest()
#2 C:\wamp\www\convenios\index.php(13): CApplication->run()
#3 {main}
REQUEST_URI=/convenios/css/bootstrap.min.css
HTTP_REFERER=http://localhost:8080/convenios/
---
2015/12/03 02:44:11 [error] [exception.CHttpException.404] exception 'CHttpException' with message 'Unable to resolve the request "img/Manos3.png".' in C:\wamp\www\yii\framework\web\CWebApplication.php:286
Stack trace:
#0 C:\wamp\www\yii\framework\web\CWebApplication.php(141): CWebApplication->runController('img/Manos3.png')
#1 C:\wamp\www\yii\framework\base\CApplication.php(180): CWebApplication->processRequest()
#2 C:\wamp\www\convenios\index.php(13): CApplication->run()
#3 {main}
REQUEST_URI=/convenios/img/Manos3.png
HTTP_REFERER=http://localhost:8080/convenios/
---
2015/12/03 02:44:14 [error] [exception.CHttpException.404] exception 'CHttpException' with message 'Unable to resolve the request "css/bootstrap.min.css".' in C:\wamp\www\yii\framework\web\CWebApplication.php:286
Stack trace:
#0 C:\wamp\www\yii\framework\web\CWebApplication.php(141): CWebApplication->runController('css/bootstrap.m...')
#1 C:\wamp\www\yii\framework\base\CApplication.php(180): CWebApplication->processRequest()
#2 C:\wamp\www\convenios\index.php(13): CApplication->run()
#3 {main}
REQUEST_URI=/convenios/css/bootstrap.min.css
HTTP_REFERER=http://localhost:8080/convenios/
---
2015/12/03 02:44:14 [error] [exception.CHttpException.404] exception 'CHttpException' with message 'Unable to resolve the request "img/Manos3.png".' in C:\wamp\www\yii\framework\web\CWebApplication.php:286
Stack trace:
#0 C:\wamp\www\yii\framework\web\CWebApplication.php(141): CWebApplication->runController('img/Manos3.png')
#1 C:\wamp\www\yii\framework\base\CApplication.php(180): CWebApplication->processRequest()
#2 C:\wamp\www\convenios\index.php(13): CApplication->run()
#3 {main}
REQUEST_URI=/convenios/img/Manos3.png
HTTP_REFERER=http://localhost:8080/convenios/
---
2015/12/03 02:44:14 [error] [exception.CHttpException.404] exception 'CHttpException' with message 'Unable to resolve the request "css/responsive.min.css".' in C:\wamp\www\yii\framework\web\CWebApplication.php:286
Stack trace:
#0 C:\wamp\www\yii\framework\web\CWebApplication.php(141): CWebApplication->runController('css/responsive....')
#1 C:\wamp\www\yii\framework\base\CApplication.php(180): CWebApplication->processRequest()
#2 C:\wamp\www\convenios\index.php(13): CApplication->run()
#3 {main}
REQUEST_URI=/convenios/css/responsive.min.css
HTTP_REFERER=http://localhost:8080/convenios/
---
2015/12/03 02:47:26 [error] [exception.CHttpException.404] exception 'CHttpException' with message 'Unable to resolve the request "css/responsive.min.css".' in C:\wamp\www\yii\framework\web\CWebApplication.php:286
Stack trace:
#0 C:\wamp\www\yii\framework\web\CWebApplication.php(141): CWebApplication->runController('css/responsive....')
#1 C:\wamp\www\yii\framework\base\CApplication.php(180): CWebApplication->processRequest()
#2 C:\wamp\www\convenios\index.php(13): CApplication->run()
#3 {main}
REQUEST_URI=/convenios/css/responsive.min.css
HTTP_REFERER=http://localhost:8080/convenios/
---
2015/12/03 02:47:26 [error] [exception.CHttpException.404] exception 'CHttpException' with message 'Unable to resolve the request "img/Manos3.png".' in C:\wamp\www\yii\framework\web\CWebApplication.php:286
Stack trace:
#0 C:\wamp\www\yii\framework\web\CWebApplication.php(141): CWebApplication->runController('img/Manos3.png')
#1 C:\wamp\www\yii\framework\base\CApplication.php(180): CWebApplication->processRequest()
#2 C:\wamp\www\convenios\index.php(13): CApplication->run()
#3 {main}
REQUEST_URI=/convenios/img/Manos3.png
HTTP_REFERER=http://localhost:8080/convenios/
---
2015/12/03 02:47:26 [error] [exception.CHttpException.404] exception 'CHttpException' with message 'Unable to resolve the request "css/bootstrap.min.css".' in C:\wamp\www\yii\framework\web\CWebApplication.php:286
Stack trace:
#0 C:\wamp\www\yii\framework\web\CWebApplication.php(141): CWebApplication->runController('css/bootstrap.m...')
#1 C:\wamp\www\yii\framework\base\CApplication.php(180): CWebApplication->processRequest()
#2 C:\wamp\www\convenios\index.php(13): CApplication->run()
#3 {main}
REQUEST_URI=/convenios/css/bootstrap.min.css
HTTP_REFERER=http://localhost:8080/convenios/
---
2015/12/03 02:47:28 [error] [exception.CHttpException.404] exception 'CHttpException' with message 'Unable to resolve the request "css/bootstrap.min.css".' in C:\wamp\www\yii\framework\web\CWebApplication.php:286
Stack trace:
#0 C:\wamp\www\yii\framework\web\CWebApplication.php(141): CWebApplication->runController('css/bootstrap.m...')
#1 C:\wamp\www\yii\framework\base\CApplication.php(180): CWebApplication->processRequest()
#2 C:\wamp\www\convenios\index.php(13): CApplication->run()
#3 {main}
REQUEST_URI=/convenios/css/bootstrap.min.css
HTTP_REFERER=http://localhost:8080/convenios/
---
2015/12/03 02:47:28 [error] [exception.CHttpException.404] exception 'CHttpException' with message 'Unable to resolve the request "img/Manos3.png".' in C:\wamp\www\yii\framework\web\CWebApplication.php:286
Stack trace:
#0 C:\wamp\www\yii\framework\web\CWebApplication.php(141): CWebApplication->runController('img/Manos3.png')
#1 C:\wamp\www\yii\framework\base\CApplication.php(180): CWebApplication->processRequest()
#2 C:\wamp\www\convenios\index.php(13): CApplication->run()
#3 {main}
REQUEST_URI=/convenios/img/Manos3.png
HTTP_REFERER=http://localhost:8080/convenios/
---
2015/12/03 02:47:28 [error] [exception.CHttpException.404] exception 'CHttpException' with message 'Unable to resolve the request "css/responsive.min.css".' in C:\wamp\www\yii\framework\web\CWebApplication.php:286
Stack trace:
#0 C:\wamp\www\yii\framework\web\CWebApplication.php(141): CWebApplication->runController('css/responsive....')
#1 C:\wamp\www\yii\framework\base\CApplication.php(180): CWebApplication->processRequest()
#2 C:\wamp\www\convenios\index.php(13): CApplication->run()
#3 {main}
REQUEST_URI=/convenios/css/responsive.min.css
HTTP_REFERER=http://localhost:8080/convenios/
---
2015/12/03 02:54:09 [error] [exception.CHttpException.404] exception 'CHttpException' with message 'Unable to resolve the request "css/responsive.min.css".' in C:\wamp\www\yii\framework\web\CWebApplication.php:286
Stack trace:
#0 C:\wamp\www\yii\framework\web\CWebApplication.php(141): CWebApplication->runController('css/responsive....')
#1 C:\wamp\www\yii\framework\base\CApplication.php(180): CWebApplication->processRequest()
#2 C:\wamp\www\convenios\index.php(13): CApplication->run()
#3 {main}
REQUEST_URI=/convenios/css/responsive.min.css
HTTP_REFERER=http://localhost:8080/convenios/
---
2015/12/03 02:54:09 [error] [exception.CHttpException.404] exception 'CHttpException' with message 'Unable to resolve the request "css/bootstrap.min.css".' in C:\wamp\www\yii\framework\web\CWebApplication.php:286
Stack trace:
#0 C:\wamp\www\yii\framework\web\CWebApplication.php(141): CWebApplication->runController('css/bootstrap.m...')
#1 C:\wamp\www\yii\framework\base\CApplication.php(180): CWebApplication->processRequest()
#2 C:\wamp\www\convenios\index.php(13): CApplication->run()
#3 {main}
REQUEST_URI=/convenios/css/bootstrap.min.css
HTTP_REFERER=http://localhost:8080/convenios/
---
2015/12/03 02:54:09 [error] [exception.CHttpException.404] exception 'CHttpException' with message 'Unable to resolve the request "img/Manos3.png".' in C:\wamp\www\yii\framework\web\CWebApplication.php:286
Stack trace:
#0 C:\wamp\www\yii\framework\web\CWebApplication.php(141): CWebApplication->runController('img/Manos3.png')
#1 C:\wamp\www\yii\framework\base\CApplication.php(180): CWebApplication->processRequest()
#2 C:\wamp\www\convenios\index.php(13): CApplication->run()
#3 {main}
REQUEST_URI=/convenios/img/Manos3.png
HTTP_REFERER=http://localhost:8080/convenios/
---
2015/12/03 02:54:57 [error] [exception.CHttpException.404] exception 'CHttpException' with message 'Unable to resolve the request "css/responsive.min.css".' in C:\wamp\www\yii\framework\web\CWebApplication.php:286
Stack trace:
#0 C:\wamp\www\yii\framework\web\CWebApplication.php(141): CWebApplication->runController('css/responsive....')
#1 C:\wamp\www\yii\framework\base\CApplication.php(180): CWebApplication->processRequest()
#2 C:\wamp\www\convenios\index.php(13): CApplication->run()
#3 {main}
REQUEST_URI=/convenios/css/responsive.min.css
HTTP_REFERER=http://localhost:8080/convenios/
---
2015/12/03 02:54:57 [error] [exception.CHttpException.404] exception 'CHttpException' with message 'Unable to resolve the request "css/bootstrap.min.css".' in C:\wamp\www\yii\framework\web\CWebApplication.php:286
Stack trace:
#0 C:\wamp\www\yii\framework\web\CWebApplication.php(141): CWebApplication->runController('css/bootstrap.m...')
#1 C:\wamp\www\yii\framework\base\CApplication.php(180): CWebApplication->processRequest()
#2 C:\wamp\www\convenios\index.php(13): CApplication->run()
#3 {main}
REQUEST_URI=/convenios/css/bootstrap.min.css
HTTP_REFERER=http://localhost:8080/convenios/
---
2015/12/03 02:54:57 [error] [exception.CHttpException.404] exception 'CHttpException' with message 'Unable to resolve the request "img/LogoUnet.png".' in C:\wamp\www\yii\framework\web\CWebApplication.php:286
Stack trace:
#0 C:\wamp\www\yii\framework\web\CWebApplication.php(141): CWebApplication->runController('img/LogoUnet.pn...')
#1 C:\wamp\www\yii\framework\base\CApplication.php(180): CWebApplication->processRequest()
#2 C:\wamp\www\convenios\index.php(13): CApplication->run()
#3 {main}
REQUEST_URI=/convenios/img/LogoUnet.png
HTTP_REFERER=http://localhost:8080/convenios/
---
2015/12/03 02:54:58 [error] [exception.CHttpException.404] exception 'CHttpException' with message 'Unable to resolve the request "img/Manos3.png".' in C:\wamp\www\yii\framework\web\CWebApplication.php:286
Stack trace:
#0 C:\wamp\www\yii\framework\web\CWebApplication.php(141): CWebApplication->runController('img/Manos3.png')
#1 C:\wamp\www\yii\framework\base\CApplication.php(180): CWebApplication->processRequest()
#2 C:\wamp\www\convenios\index.php(13): CApplication->run()
#3 {main}
REQUEST_URI=/convenios/img/Manos3.png
HTTP_REFERER=http://localhost:8080/convenios/
---
2015/12/03 02:54:59 [error] [exception.CHttpException.404] exception 'CHttpException' with message 'Unable to resolve the request "css/bootstrap.min.css".' in C:\wamp\www\yii\framework\web\CWebApplication.php:286
Stack trace:
#0 C:\wamp\www\yii\framework\web\CWebApplication.php(141): CWebApplication->runController('css/bootstrap.m...')
#1 C:\wamp\www\yii\framework\base\CApplication.php(180): CWebApplication->processRequest()
#2 C:\wamp\www\convenios\index.php(13): CApplication->run()
#3 {main}
REQUEST_URI=/convenios/css/bootstrap.min.css
HTTP_REFERER=http://localhost:8080/convenios/
---
2015/12/03 02:54:59 [error] [exception.CHttpException.404] exception 'CHttpException' with message 'Unable to resolve the request "css/responsive.min.css".' in C:\wamp\www\yii\framework\web\CWebApplication.php:286
Stack trace:
#0 C:\wamp\www\yii\framework\web\CWebApplication.php(141): CWebApplication->runController('css/responsive....')
#1 C:\wamp\www\yii\framework\base\CApplication.php(180): CWebApplication->processRequest()
#2 C:\wamp\www\convenios\index.php(13): CApplication->run()
#3 {main}
REQUEST_URI=/convenios/css/responsive.min.css
HTTP_REFERER=http://localhost:8080/convenios/
---
2015/12/03 02:54:59 [error] [exception.CHttpException.404] exception 'CHttpException' with message 'Unable to resolve the request "img/LogoUnet.png".' in C:\wamp\www\yii\framework\web\CWebApplication.php:286
Stack trace:
#0 C:\wamp\www\yii\framework\web\CWebApplication.php(141): CWebApplication->runController('img/LogoUnet.pn...')
#1 C:\wamp\www\yii\framework\base\CApplication.php(180): CWebApplication->processRequest()
#2 C:\wamp\www\convenios\index.php(13): CApplication->run()
#3 {main}
REQUEST_URI=/convenios/img/LogoUnet.png
HTTP_REFERER=http://localhost:8080/convenios/
---
2015/12/03 02:55:00 [error] [exception.CHttpException.404] exception 'CHttpException' with message 'Unable to resolve the request "img/Manos3.png".' in C:\wamp\www\yii\framework\web\CWebApplication.php:286
Stack trace:
#0 C:\wamp\www\yii\framework\web\CWebApplication.php(141): CWebApplication->runController('img/Manos3.png')
#1 C:\wamp\www\yii\framework\base\CApplication.php(180): CWebApplication->processRequest()
#2 C:\wamp\www\convenios\index.php(13): CApplication->run()
#3 {main}
REQUEST_URI=/convenios/img/Manos3.png
HTTP_REFERER=http://localhost:8080/convenios/
---
2015/12/03 02:57:29 [error] [exception.CHttpException.404] exception 'CHttpException' with message 'Unable to resolve the request "css/bootstrap.min.css".' in C:\wamp\www\yii\framework\web\CWebApplication.php:286
Stack trace:
#0 C:\wamp\www\yii\framework\web\CWebApplication.php(141): CWebApplication->runController('css/bootstrap.m...')
#1 C:\wamp\www\yii\framework\base\CApplication.php(180): CWebApplication->processRequest()
#2 C:\wamp\www\convenios\index.php(13): CApplication->run()
#3 {main}
REQUEST_URI=/convenios/css/bootstrap.min.css
HTTP_REFERER=http://localhost:8080/convenios/
---
2015/12/03 02:57:29 [error] [exception.CHttpException.404] exception 'CHttpException' with message 'Unable to resolve the request "css/responsive.min.css".' in C:\wamp\www\yii\framework\web\CWebApplication.php:286
Stack trace:
#0 C:\wamp\www\yii\framework\web\CWebApplication.php(141): CWebApplication->runController('css/responsive....')
#1 C:\wamp\www\yii\framework\base\CApplication.php(180): CWebApplication->processRequest()
#2 C:\wamp\www\convenios\index.php(13): CApplication->run()
#3 {main}
REQUEST_URI=/convenios/css/responsive.min.css
HTTP_REFERER=http://localhost:8080/convenios/
---
2015/12/03 02:57:29 [error] [exception.CHttpException.404] exception 'CHttpException' with message 'Unable to resolve the request "img/Manos3.png".' in C:\wamp\www\yii\framework\web\CWebApplication.php:286
Stack trace:
#0 C:\wamp\www\yii\framework\web\CWebApplication.php(141): CWebApplication->runController('img/Manos3.png')
#1 C:\wamp\www\yii\framework\base\CApplication.php(180): CWebApplication->processRequest()
#2 C:\wamp\www\convenios\index.php(13): CApplication->run()
#3 {main}
REQUEST_URI=/convenios/img/Manos3.png
HTTP_REFERER=http://localhost:8080/convenios/
---
2015/12/03 02:57:32 [error] [exception.CHttpException.404] exception 'CHttpException' with message 'Unable to resolve the request "css/bootstrap.min.css".' in C:\wamp\www\yii\framework\web\CWebApplication.php:286
Stack trace:
#0 C:\wamp\www\yii\framework\web\CWebApplication.php(141): CWebApplication->runController('css/bootstrap.m...')
#1 C:\wamp\www\yii\framework\base\CApplication.php(180): CWebApplication->processRequest()
#2 C:\wamp\www\convenios\index.php(13): CApplication->run()
#3 {main}
REQUEST_URI=/convenios/css/bootstrap.min.css
HTTP_REFERER=http://localhost:8080/convenios/
---
2015/12/03 02:57:32 [error] [exception.CHttpException.404] exception 'CHttpException' with message 'Unable to resolve the request "css/responsive.min.css".' in C:\wamp\www\yii\framework\web\CWebApplication.php:286
Stack trace:
#0 C:\wamp\www\yii\framework\web\CWebApplication.php(141): CWebApplication->runController('css/responsive....')
#1 C:\wamp\www\yii\framework\base\CApplication.php(180): CWebApplication->processRequest()
#2 C:\wamp\www\convenios\index.php(13): CApplication->run()
#3 {main}
REQUEST_URI=/convenios/css/responsive.min.css
HTTP_REFERER=http://localhost:8080/convenios/
---
2015/12/03 02:57:32 [error] [exception.CHttpException.404] exception 'CHttpException' with message 'Unable to resolve the request "img/Manos3.png".' in C:\wamp\www\yii\framework\web\CWebApplication.php:286
Stack trace:
#0 C:\wamp\www\yii\framework\web\CWebApplication.php(141): CWebApplication->runController('img/Manos3.png')
#1 C:\wamp\www\yii\framework\base\CApplication.php(180): CWebApplication->processRequest()
#2 C:\wamp\www\convenios\index.php(13): CApplication->run()
#3 {main}
REQUEST_URI=/convenios/img/Manos3.png
HTTP_REFERER=http://localhost:8080/convenios/
---
2015/12/03 03:00:42 [error] [exception.CHttpException.404] exception 'CHttpException' with message 'Unable to resolve the request "css/bootstrap.min.css".' in C:\wamp\www\yii\framework\web\CWebApplication.php:286
Stack trace:
#0 C:\wamp\www\yii\framework\web\CWebApplication.php(141): CWebApplication->runController('css/bootstrap.m...')
#1 C:\wamp\www\yii\framework\base\CApplication.php(180): CWebApplication->processRequest()
#2 C:\wamp\www\convenios\index.php(13): CApplication->run()
#3 {main}
REQUEST_URI=/convenios/css/bootstrap.min.css
HTTP_REFERER=http://localhost:8080/convenios/
---
2015/12/03 03:00:42 [error] [exception.CHttpException.404] exception 'CHttpException' with message 'Unable to resolve the request "img/Manos3.png".' in C:\wamp\www\yii\framework\web\CWebApplication.php:286
Stack trace:
#0 C:\wamp\www\yii\framework\web\CWebApplication.php(141): CWebApplication->runController('img/Manos3.png')
#1 C:\wamp\www\yii\framework\base\CApplication.php(180): CWebApplication->processRequest()
#2 C:\wamp\www\convenios\index.php(13): CApplication->run()
#3 {main}
REQUEST_URI=/convenios/img/Manos3.png
HTTP_REFERER=http://localhost:8080/convenios/
---
2015/12/03 03:00:42 [error] [exception.CHttpException.404] exception 'CHttpException' with message 'Unable to resolve the request "css/responsive.min.css".' in C:\wamp\www\yii\framework\web\CWebApplication.php:286
Stack trace:
#0 C:\wamp\www\yii\framework\web\CWebApplication.php(141): CWebApplication->runController('css/responsive....')
#1 C:\wamp\www\yii\framework\base\CApplication.php(180): CWebApplication->processRequest()
#2 C:\wamp\www\convenios\index.php(13): CApplication->run()
#3 {main}
REQUEST_URI=/convenios/css/responsive.min.css
HTTP_REFERER=http://localhost:8080/convenios/
---
2015/12/03 03:00:48 [error] [exception.CHttpException.404] exception 'CHttpException' with message 'Unable to resolve the request "css/responsive.min.css".' in C:\wamp\www\yii\framework\web\CWebApplication.php:286
Stack trace:
#0 C:\wamp\www\yii\framework\web\CWebApplication.php(141): CWebApplication->runController('css/responsive....')
#1 C:\wamp\www\yii\framework\base\CApplication.php(180): CWebApplication->processRequest()
#2 C:\wamp\www\convenios\index.php(13): CApplication->run()
#3 {main}
REQUEST_URI=/convenios/css/responsive.min.css
HTTP_REFERER=http://localhost:8080/convenios/
---
2015/12/03 03:00:48 [error] [exception.CHttpException.404] exception 'CHttpException' with message 'Unable to resolve the request "css/bootstrap.min.css".' in C:\wamp\www\yii\framework\web\CWebApplication.php:286
Stack trace:
#0 C:\wamp\www\yii\framework\web\CWebApplication.php(141): CWebApplication->runController('css/bootstrap.m...')
#1 C:\wamp\www\yii\framework\base\CApplication.php(180): CWebApplication->processRequest()
#2 C:\wamp\www\convenios\index.php(13): CApplication->run()
#3 {main}
REQUEST_URI=/convenios/css/bootstrap.min.css
HTTP_REFERER=http://localhost:8080/convenios/
---
2015/12/03 03:00:48 [error] [exception.CHttpException.404] exception 'CHttpException' with message 'Unable to resolve the request "img/Manos3.png".' in C:\wamp\www\yii\framework\web\CWebApplication.php:286
Stack trace:
#0 C:\wamp\www\yii\framework\web\CWebApplication.php(141): CWebApplication->runController('img/Manos3.png')
#1 C:\wamp\www\yii\framework\base\CApplication.php(180): CWebApplication->processRequest()
#2 C:\wamp\www\convenios\index.php(13): CApplication->run()
#3 {main}
REQUEST_URI=/convenios/img/Manos3.png
HTTP_REFERER=http://localhost:8080/convenios/
---
2015/12/03 03:04:16 [error] [exception.CHttpException.404] exception 'CHttpException' with message 'Unable to resolve the request "css/bootstrap.min.css".' in C:\wamp\www\yii\framework\web\CWebApplication.php:286
Stack trace:
#0 C:\wamp\www\yii\framework\web\CWebApplication.php(141): CWebApplication->runController('css/bootstrap.m...')
#1 C:\wamp\www\yii\framework\base\CApplication.php(180): CWebApplication->processRequest()
#2 C:\wamp\www\convenios\index.php(13): CApplication->run()
#3 {main}
REQUEST_URI=/convenios/css/bootstrap.min.css
HTTP_REFERER=http://localhost:8080/convenios/
---
2015/12/03 03:04:16 [error] [exception.CHttpException.404] exception 'CHttpException' with message 'Unable to resolve the request "css/estiloConvenio.css".' in C:\wamp\www\yii\framework\web\CWebApplication.php:286
Stack trace:
#0 C:\wamp\www\yii\framework\web\CWebApplication.php(141): CWebApplication->runController('css/estiloConve...')
#1 C:\wamp\www\yii\framework\base\CApplication.php(180): CWebApplication->processRequest()
#2 C:\wamp\www\convenios\index.php(13): CApplication->run()
#3 {main}
REQUEST_URI=/convenios/css/estiloConvenio.css
HTTP_REFERER=http://localhost:8080/convenios/
---
2015/12/03 03:04:16 [error] [exception.CHttpException.404] exception 'CHttpException' with message 'Unable to resolve the request "css/responsive.min.css".' in C:\wamp\www\yii\framework\web\CWebApplication.php:286
Stack trace:
#0 C:\wamp\www\yii\framework\web\CWebApplication.php(141): CWebApplication->runController('css/responsive....')
#1 C:\wamp\www\yii\framework\base\CApplication.php(180): CWebApplication->processRequest()
#2 C:\wamp\www\convenios\index.php(13): CApplication->run()
#3 {main}
REQUEST_URI=/convenios/css/responsive.min.css
HTTP_REFERER=http://localhost:8080/convenios/
---
2015/12/03 03:04:16 [error] [exception.CHttpException.404] exception 'CHttpException' with message 'Unable to resolve the request "img/Manos3.png".' in C:\wamp\www\yii\framework\web\CWebApplication.php:286
Stack trace:
#0 C:\wamp\www\yii\framework\web\CWebApplication.php(141): CWebApplication->runController('img/Manos3.png')
#1 C:\wamp\www\yii\framework\base\CApplication.php(180): CWebApplication->processRequest()
#2 C:\wamp\www\convenios\index.php(13): CApplication->run()
#3 {main}
REQUEST_URI=/convenios/img/Manos3.png
HTTP_REFERER=http://localhost:8080/convenios/
---
2015/12/03 03:04:18 [error] [exception.CHttpException.404] exception 'CHttpException' with message 'Unable to resolve the request "css/responsive.min.css".' in C:\wamp\www\yii\framework\web\CWebApplication.php:286
Stack trace:
#0 C:\wamp\www\yii\framework\web\CWebApplication.php(141): CWebApplication->runController('css/responsive....')
#1 C:\wamp\www\yii\framework\base\CApplication.php(180): CWebApplication->processRequest()
#2 C:\wamp\www\convenios\index.php(13): CApplication->run()
#3 {main}
REQUEST_URI=/convenios/css/responsive.min.css
HTTP_REFERER=http://localhost:8080/convenios/
---
2015/12/03 03:04:18 [error] [exception.CHttpException.404] exception 'CHttpException' with message 'Unable to resolve the request "img/Manos3.png".' in C:\wamp\www\yii\framework\web\CWebApplication.php:286
Stack trace:
#0 C:\wamp\www\yii\framework\web\CWebApplication.php(141): CWebApplication->runController('img/Manos3.png')
#1 C:\wamp\www\yii\framework\base\CApplication.php(180): CWebApplication->processRequest()
#2 C:\wamp\www\convenios\index.php(13): CApplication->run()
#3 {main}
REQUEST_URI=/convenios/img/Manos3.png
HTTP_REFERER=http://localhost:8080/convenios/
---
2015/12/03 03:04:18 [error] [exception.CHttpException.404] exception 'CHttpException' with message 'Unable to resolve the request "css/bootstrap.min.css".' in C:\wamp\www\yii\framework\web\CWebApplication.php:286
Stack trace:
#0 C:\wamp\www\yii\framework\web\CWebApplication.php(141): CWebApplication->runController('css/bootstrap.m...')
#1 C:\wamp\www\yii\framework\base\CApplication.php(180): CWebApplication->processRequest()
#2 C:\wamp\www\convenios\index.php(13): CApplication->run()
#3 {main}
REQUEST_URI=/convenios/css/bootstrap.min.css
HTTP_REFERER=http://localhost:8080/convenios/
---
2015/12/03 03:04:18 [error] [exception.CHttpException.404] exception 'CHttpException' with message 'Unable to resolve the request "css/estiloConvenio.css".' in C:\wamp\www\yii\framework\web\CWebApplication.php:286
Stack trace:
#0 C:\wamp\www\yii\framework\web\CWebApplication.php(141): CWebApplication->runController('css/estiloConve...')
#1 C:\wamp\www\yii\framework\base\CApplication.php(180): CWebApplication->processRequest()
#2 C:\wamp\www\convenios\index.php(13): CApplication->run()
#3 {main}
REQUEST_URI=/convenios/css/estiloConvenio.css
HTTP_REFERER=http://localhost:8080/convenios/
---
2015/12/03 03:06:09 [error] [exception.CHttpException.404] exception 'CHttpException' with message 'Unable to resolve the request "css/bootstrap.min.css".' in C:\wamp\www\yii\framework\web\CWebApplication.php:286
Stack trace:
#0 C:\wamp\www\yii\framework\web\CWebApplication.php(141): CWebApplication->runController('css/bootstrap.m...')
#1 C:\wamp\www\yii\framework\base\CApplication.php(180): CWebApplication->processRequest()
#2 C:\wamp\www\convenios\index.php(13): CApplication->run()
#3 {main}
REQUEST_URI=/convenios/css/bootstrap.min.css
HTTP_REFERER=http://localhost:8080/convenios/
---
2015/12/03 03:06:09 [error] [exception.CHttpException.404] exception 'CHttpException' with message 'Unable to resolve the request "css/responsive.min.css".' in C:\wamp\www\yii\framework\web\CWebApplication.php:286
Stack trace:
#0 C:\wamp\www\yii\framework\web\CWebApplication.php(141): CWebApplication->runController('css/responsive....')
#1 C:\wamp\www\yii\framework\base\CApplication.php(180): CWebApplication->processRequest()
#2 C:\wamp\www\convenios\index.php(13): CApplication->run()
#3 {main}
REQUEST_URI=/convenios/css/responsive.min.css
HTTP_REFERER=http://localhost:8080/convenios/
---
2015/12/03 03:06:09 [error] [exception.CHttpException.404] exception 'CHttpException' with message 'Unable to resolve the request "css/estiloConvenio.css".' in C:\wamp\www\yii\framework\web\CWebApplication.php:286
Stack trace:
#0 C:\wamp\www\yii\framework\web\CWebApplication.php(141): CWebApplication->runController('css/estiloConve...')
#1 C:\wamp\www\yii\framework\base\CApplication.php(180): CWebApplication->processRequest()
#2 C:\wamp\www\convenios\index.php(13): CApplication->run()
#3 {main}
REQUEST_URI=/convenios/css/estiloConvenio.css
HTTP_REFERER=http://localhost:8080/convenios/
---
2015/12/03 03:06:09 [error] [exception.CHttpException.404] exception 'CHttpException' with message 'Unable to resolve the request "img/Manos3.png".' in C:\wamp\www\yii\framework\web\CWebApplication.php:286
Stack trace:
#0 C:\wamp\www\yii\framework\web\CWebApplication.php(141): CWebApplication->runController('img/Manos3.png')
#1 C:\wamp\www\yii\framework\base\CApplication.php(180): CWebApplication->processRequest()
#2 C:\wamp\www\convenios\index.php(13): CApplication->run()
#3 {main}
REQUEST_URI=/convenios/img/Manos3.png
HTTP_REFERER=http://localhost:8080/convenios/
---
2015/12/03 03:21:15 [error] [exception.CHttpException.404] exception 'CHttpException' with message 'Unable to resolve the request "css/bootstrap.min.css".' in C:\wamp\www\yii\framework\web\CWebApplication.php:286
Stack trace:
#0 C:\wamp\www\yii\framework\web\CWebApplication.php(141): CWebApplication->runController('css/bootstrap.m...')
#1 C:\wamp\www\yii\framework\base\CApplication.php(180): CWebApplication->processRequest()
#2 C:\wamp\www\convenios\index.php(13): CApplication->run()
#3 {main}
REQUEST_URI=/convenios/css/bootstrap.min.css
HTTP_REFERER=http://localhost:8080/convenios/
---
2015/12/03 03:21:15 [error] [exception.CHttpException.404] exception 'CHttpException' with message 'Unable to resolve the request "css/responsive.min.css".' in C:\wamp\www\yii\framework\web\CWebApplication.php:286
Stack trace:
#0 C:\wamp\www\yii\framework\web\CWebApplication.php(141): CWebApplication->runController('css/responsive....')
#1 C:\wamp\www\yii\framework\base\CApplication.php(180): CWebApplication->processRequest()
#2 C:\wamp\www\convenios\index.php(13): CApplication->run()
#3 {main}
REQUEST_URI=/convenios/css/responsive.min.css
HTTP_REFERER=http://localhost:8080/convenios/
---
2015/12/03 03:21:15 [error] [exception.CHttpException.404] exception 'CHttpException' with message 'Unable to resolve the request "css/estiloConvenio.css".' in C:\wamp\www\yii\framework\web\CWebApplication.php:286
Stack trace:
#0 C:\wamp\www\yii\framework\web\CWebApplication.php(141): CWebApplication->runController('css/estiloConve...')
#1 C:\wamp\www\yii\framework\base\CApplication.php(180): CWebApplication->processRequest()
#2 C:\wamp\www\convenios\index.php(13): CApplication->run()
#3 {main}
REQUEST_URI=/convenios/css/estiloConvenio.css
HTTP_REFERER=http://localhost:8080/convenios/
---
2015/12/03 03:21:15 [error] [exception.CHttpException.404] exception 'CHttpException' with message 'Unable to resolve the request "img/Manos3.png".' in C:\wamp\www\yii\framework\web\CWebApplication.php:286
Stack trace:
#0 C:\wamp\www\yii\framework\web\CWebApplication.php(141): CWebApplication->runController('img/Manos3.png')
#1 C:\wamp\www\yii\framework\base\CApplication.php(180): CWebApplication->processRequest()
#2 C:\wamp\www\convenios\index.php(13): CApplication->run()
#3 {main}
REQUEST_URI=/convenios/img/Manos3.png
HTTP_REFERER=http://localhost:8080/convenios/
---
2015/12/03 03:37:11 [error] [exception.CHttpException.404] exception 'CHttpException' with message 'Unable to resolve the request "js/bootstrap.min.js".' in C:\wamp\www\yii\framework\web\CWebApplication.php:286
Stack trace:
#0 C:\wamp\www\yii\framework\web\CWebApplication.php(141): CWebApplication->runController('js/bootstrap.mi...')
#1 C:\wamp\www\yii\framework\base\CApplication.php(180): CWebApplication->processRequest()
#2 C:\wamp\www\convenios\index.php(13): CApplication->run()
#3 {main}
REQUEST_URI=/convenios/js/bootstrap.min.js
HTTP_REFERER=http://localhost:8080/convenios/
---
2015/12/03 03:37:54 [error] [exception.CHttpException.404] exception 'CHttpException' with message 'Unable to resolve the request "js/bootstrap.min.js".' in C:\wamp\www\yii\framework\web\CWebApplication.php:286
Stack trace:
#0 C:\wamp\www\yii\framework\web\CWebApplication.php(141): CWebApplication->runController('js/bootstrap.mi...')
#1 C:\wamp\www\yii\framework\base\CApplication.php(180): CWebApplication->processRequest()
#2 C:\wamp\www\convenios\index.php(13): CApplication->run()
#3 {main}
REQUEST_URI=/convenios/js/bootstrap.min.js
HTTP_REFERER=http://localhost:8080/convenios/
---
2015/12/03 03:54:09 [error] [exception.CHttpException.404] exception 'CHttpException' with message 'Unable to resolve the request "img/LogoUnet.png".' in C:\wamp\www\yii\framework\web\CWebApplication.php:286
Stack trace:
#0 C:\wamp\www\yii\framework\web\CWebApplication.php(141): CWebApplication->runController('img/LogoUnet.pn...')
#1 C:\wamp\www\yii\framework\base\CApplication.php(180): CWebApplication->processRequest()
#2 C:\wamp\www\convenios\index.php(13): CApplication->run()
#3 {main}
REQUEST_URI=/convenios/img/LogoUnet.png
HTTP_REFERER=http://localhost:8080/convenios/
---
2015/12/03 03:54:09 [error] [exception.CHttpException.404] exception 'CHttpException' with message 'Unable to resolve the request "img/Manos3.png".' in C:\wamp\www\yii\framework\web\CWebApplication.php:286
Stack trace:
#0 C:\wamp\www\yii\framework\web\CWebApplication.php(141): CWebApplication->runController('img/Manos3.png')
#1 C:\wamp\www\yii\framework\base\CApplication.php(180): CWebApplication->processRequest()
#2 C:\wamp\www\convenios\index.php(13): CApplication->run()
#3 {main}
REQUEST_URI=/convenios/img/Manos3.png
HTTP_REFERER=http://localhost:8080/convenios/
---
2015/12/03 03:54:42 [error] [exception.CHttpException.404] exception 'CHttpException' with message 'Unable to resolve the request "img/Manos3.png".' in C:\wamp\www\yii\framework\web\CWebApplication.php:286
Stack trace:
#0 C:\wamp\www\yii\framework\web\CWebApplication.php(141): CWebApplication->runController('img/Manos3.png')
#1 C:\wamp\www\yii\framework\base\CApplication.php(180): CWebApplication->processRequest()
#2 C:\wamp\www\convenios\index.php(13): CApplication->run()
#3 {main}
REQUEST_URI=/convenios/img/Manos3.png
HTTP_REFERER=http://localhost:8080/convenios/
---
2015/12/15 20:23:39 [error] [exception.CHttpException.404] exception 'CHttpException' with message 'Unable to resolve the request "img/User.png".' in C:\wamp\www\yii\framework\web\CWebApplication.php:286
Stack trace:
#0 C:\wamp\www\yii\framework\web\CWebApplication.php(141): CWebApplication->runController('img/User.png')
#1 C:\wamp\www\yii\framework\base\CApplication.php(180): CWebApplication->processRequest()
#2 C:\wamp\www\convenios\index.php(13): CApplication->run()
#3 {main}
REQUEST_URI=/convenios/img/User.png
HTTP_REFERER=http://localhost:8080/convenios/
---
2015/12/16 04:10:08 [error] [exception.CHttpException.404] exception 'CHttpException' with message 'Unable to resolve the request "img_chania.jpg".' in C:\wamp\www\yii\framework\web\CWebApplication.php:286
Stack trace:
#0 C:\wamp\www\yii\framework\web\CWebApplication.php(141): CWebApplication->runController('img_chania.jpg')
#1 C:\wamp\www\yii\framework\base\CApplication.php(180): CWebApplication->processRequest()
#2 C:\wamp\www\convenios\index.php(13): CApplication->run()
#3 {main}
REQUEST_URI=/convenios/img_chania.jpg
HTTP_REFERER=http://localhost:8080/convenios/
---
2015/12/16 04:10:08 [error] [exception.CHttpException.404] exception 'CHttpException' with message 'Unable to resolve the request "img_flower.jpg".' in C:\wamp\www\yii\framework\web\CWebApplication.php:286
Stack trace:
#0 C:\wamp\www\yii\framework\web\CWebApplication.php(141): CWebApplication->runController('img_flower.jpg')
#1 C:\wamp\www\yii\framework\base\CApplication.php(180): CWebApplication->processRequest()
#2 C:\wamp\www\convenios\index.php(13): CApplication->run()
#3 {main}
REQUEST_URI=/convenios/img_flower.jpg
HTTP_REFERER=http://localhost:8080/convenios/
---
2015/12/16 04:10:08 [error] [exception.CHttpException.404] exception 'CHttpException' with message 'Unable to resolve the request "img_chania2.jpg".' in C:\wamp\www\yii\framework\web\CWebApplication.php:286
Stack trace:
#0 C:\wamp\www\yii\framework\web\CWebApplication.php(141): CWebApplication->runController('img_chania2.jpg')
#1 C:\wamp\www\yii\framework\base\CApplication.php(180): CWebApplication->processRequest()
#2 C:\wamp\www\convenios\index.php(13): CApplication->run()
#3 {main}
REQUEST_URI=/convenios/img_chania2.jpg
HTTP_REFERER=http://localhost:8080/convenios/
---
2015/12/16 04:10:08 [error] [exception.CHttpException.404] exception 'CHttpException' with message 'Unable to resolve the request "img_flower2.jpg".' in C:\wamp\www\yii\framework\web\CWebApplication.php:286
Stack trace:
#0 C:\wamp\www\yii\framework\web\CWebApplication.php(141): CWebApplication->runController('img_flower2.jpg')
#1 C:\wamp\www\yii\framework\base\CApplication.php(180): CWebApplication->processRequest()
#2 C:\wamp\www\convenios\index.php(13): CApplication->run()
#3 {main}
REQUEST_URI=/convenios/img_flower2.jpg
HTTP_REFERER=http://localhost:8080/convenios/
---
2015/12/16 04:11:47 [error] [exception.CHttpException.404] exception 'CHttpException' with message 'Unable to resolve the request "img_flower.jpg".' in C:\wamp\www\yii\framework\web\CWebApplication.php:286
Stack trace:
#0 C:\wamp\www\yii\framework\web\CWebApplication.php(141): CWebApplication->runController('img_flower.jpg')
#1 C:\wamp\www\yii\framework\base\CApplication.php(180): CWebApplication->processRequest()
#2 C:\wamp\www\convenios\index.php(13): CApplication->run()
#3 {main}
REQUEST_URI=/convenios/img_flower.jpg
HTTP_REFERER=http://localhost:8080/convenios/
---
2015/12/16 04:11:47 [error] [exception.CHttpException.404] exception 'CHttpException' with message 'Unable to resolve the request "img_chania2.jpg".' in C:\wamp\www\yii\framework\web\CWebApplication.php:286
Stack trace:
#0 C:\wamp\www\yii\framework\web\CWebApplication.php(141): CWebApplication->runController('img_chania2.jpg')
#1 C:\wamp\www\yii\framework\base\CApplication.php(180): CWebApplication->processRequest()
#2 C:\wamp\www\convenios\index.php(13): CApplication->run()
#3 {main}
REQUEST_URI=/convenios/img_chania2.jpg
HTTP_REFERER=http://localhost:8080/convenios/
---
2015/12/16 04:11:48 [error] [exception.CHttpException.404] exception 'CHttpException' with message 'Unable to resolve the request "img_flower2.jpg".' in C:\wamp\www\yii\framework\web\CWebApplication.php:286
Stack trace:
#0 C:\wamp\www\yii\framework\web\CWebApplication.php(141): CWebApplication->runController('img_flower2.jpg')
#1 C:\wamp\www\yii\framework\base\CApplication.php(180): CWebApplication->processRequest()
#2 C:\wamp\www\convenios\index.php(13): CApplication->run()
#3 {main}
REQUEST_URI=/convenios/img_flower2.jpg
HTTP_REFERER=http://localhost:8080/convenios/
---
2015/12/16 04:11:47 [error] [exception.CHttpException.404] exception 'CHttpException' with message 'Unable to resolve the request "img_chania.jpg".' in C:\wamp\www\yii\framework\web\CWebApplication.php:286
Stack trace:
#0 C:\wamp\www\yii\framework\web\CWebApplication.php(141): CWebApplication->runController('img_chania.jpg')
#1 C:\wamp\www\yii\framework\base\CApplication.php(180): CWebApplication->processRequest()
#2 C:\wamp\www\convenios\index.php(13): CApplication->run()
#3 {main}
REQUEST_URI=/convenios/img_chania.jpg
HTTP_REFERER=http://localhost:8080/convenios/
---
2015/12/16 04:12:54 [error] [exception.CHttpException.404] exception 'CHttpException' with message 'Unable to resolve the request "img_flower.jpg".' in C:\wamp\www\yii\framework\web\CWebApplication.php:286
Stack trace:
#0 C:\wamp\www\yii\framework\web\CWebApplication.php(141): CWebApplication->runController('img_flower.jpg')
#1 C:\wamp\www\yii\framework\base\CApplication.php(180): CWebApplication->processRequest()
#2 C:\wamp\www\convenios\index.php(13): CApplication->run()
#3 {main}
REQUEST_URI=/convenios/img_flower.jpg
HTTP_REFERER=http://localhost:8080/convenios/
---
2015/12/16 04:12:54 [error] [exception.CHttpException.404] exception 'CHttpException' with message 'Unable to resolve the request "img_chania.jpg".' in C:\wamp\www\yii\framework\web\CWebApplication.php:286
Stack trace:
#0 C:\wamp\www\yii\framework\web\CWebApplication.php(141): CWebApplication->runController('img_chania.jpg')
#1 C:\wamp\www\yii\framework\base\CApplication.php(180): CWebApplication->processRequest()
#2 C:\wamp\www\convenios\index.php(13): CApplication->run()
#3 {main}
REQUEST_URI=/convenios/img_chania.jpg
HTTP_REFERER=http://localhost:8080/convenios/
---
2015/12/16 04:12:54 [error] [exception.CHttpException.404] exception 'CHttpException' with message 'Unable to resolve the request "img_flower2.jpg".' in C:\wamp\www\yii\framework\web\CWebApplication.php:286
Stack trace:
#0 C:\wamp\www\yii\framework\web\CWebApplication.php(141): CWebApplication->runController('img_flower2.jpg')
#1 C:\wamp\www\yii\framework\base\CApplication.php(180): CWebApplication->processRequest()
#2 C:\wamp\www\convenios\index.php(13): CApplication->run()
#3 {main}
REQUEST_URI=/convenios/img_flower2.jpg
HTTP_REFERER=http://localhost:8080/convenios/
---
2015/12/16 04:12:54 [error] [exception.CHttpException.404] exception 'CHttpException' with message 'Unable to resolve the request "img_chania2.jpg".' in C:\wamp\www\yii\framework\web\CWebApplication.php:286
Stack trace:
#0 C:\wamp\www\yii\framework\web\CWebApplication.php(141): CWebApplication->runController('img_chania2.jpg')
#1 C:\wamp\www\yii\framework\base\CApplication.php(180): CWebApplication->processRequest()
#2 C:\wamp\www\convenios\index.php(13): CApplication->run()
#3 {main}
REQUEST_URI=/convenios/img_chania2.jpg
HTTP_REFERER=http://localhost:8080/convenios/
---
2015/12/16 04:13:50 [error] [exception.CHttpException.404] exception 'CHttpException' with message 'Unable to resolve the request "img_chania2.jpg".' in C:\wamp\www\yii\framework\web\CWebApplication.php:286
Stack trace:
#0 C:\wamp\www\yii\framework\web\CWebApplication.php(141): CWebApplication->runController('img_chania2.jpg')
#1 C:\wamp\www\yii\framework\base\CApplication.php(180): CWebApplication->processRequest()
#2 C:\wamp\www\convenios\index.php(13): CApplication->run()
#3 {main}
REQUEST_URI=/convenios/img_chania2.jpg
HTTP_REFERER=http://localhost:8080/convenios/
---
2015/12/16 04:13:50 [error] [exception.CHttpException.404] exception 'CHttpException' with message 'Unable to resolve the request "img_chania.jpg".' in C:\wamp\www\yii\framework\web\CWebApplication.php:286
Stack trace:
#0 C:\wamp\www\yii\framework\web\CWebApplication.php(141): CWebApplication->runController('img_chania.jpg')
#1 C:\wamp\www\yii\framework\base\CApplication.php(180): CWebApplication->processRequest()
#2 C:\wamp\www\convenios\index.php(13): CApplication->run()
#3 {main}
REQUEST_URI=/convenios/img_chania.jpg
HTTP_REFERER=http://localhost:8080/convenios/
---
2015/12/16 04:13:50 [error] [exception.CHttpException.404] exception 'CHttpException' with message 'Unable to resolve the request "img_flower.jpg".' in C:\wamp\www\yii\framework\web\CWebApplication.php:286
Stack trace:
#0 C:\wamp\www\yii\framework\web\CWebApplication.php(141): CWebApplication->runController('img_flower.jpg')
#1 C:\wamp\www\yii\framework\base\CApplication.php(180): CWebApplication->processRequest()
#2 C:\wamp\www\convenios\index.php(13): CApplication->run()
#3 {main}
REQUEST_URI=/convenios/img_flower.jpg
HTTP_REFERER=http://localhost:8080/convenios/
---
2015/12/16 04:13:50 [error] [exception.CHttpException.404] exception 'CHttpException' with message 'Unable to resolve the request "img_flower2.jpg".' in C:\wamp\www\yii\framework\web\CWebApplication.php:286
Stack trace:
#0 C:\wamp\www\yii\framework\web\CWebApplication.php(141): CWebApplication->runController('img_flower2.jpg')
#1 C:\wamp\www\yii\framework\base\CApplication.php(180): CWebApplication->processRequest()
#2 C:\wamp\www\convenios\index.php(13): CApplication->run()
#3 {main}
REQUEST_URI=/convenios/img_flower2.jpg
HTTP_REFERER=http://localhost:8080/convenios/
---
2015/12/16 04:20:28 [error] [exception.CHttpException.404] exception 'CHttpException' with message 'Unable to resolve the request "img_flower2.jpg".' in C:\wamp\www\yii\framework\web\CWebApplication.php:286
Stack trace:
#0 C:\wamp\www\yii\framework\web\CWebApplication.php(141): CWebApplication->runController('img_flower2.jpg')
#1 C:\wamp\www\yii\framework\base\CApplication.php(180): CWebApplication->processRequest()
#2 C:\wamp\www\convenios\index.php(13): CApplication->run()
#3 {main}
REQUEST_URI=/convenios/img_flower2.jpg
HTTP_REFERER=http://localhost:8080/convenios/
---
2015/12/16 04:20:28 [error] [exception.CHttpException.404] exception 'CHttpException' with message 'Unable to resolve the request "img_flower.jpg".' in C:\wamp\www\yii\framework\web\CWebApplication.php:286
Stack trace:
#0 C:\wamp\www\yii\framework\web\CWebApplication.php(141): CWebApplication->runController('img_flower.jpg')
#1 C:\wamp\www\yii\framework\base\CApplication.php(180): CWebApplication->processRequest()
#2 C:\wamp\www\convenios\index.php(13): CApplication->run()
#3 {main}
REQUEST_URI=/convenios/img_flower.jpg
HTTP_REFERER=http://localhost:8080/convenios/
---
2015/12/16 04:20:28 [error] [exception.CHttpException.404] exception 'CHttpException' with message 'Unable to resolve the request "img_chania2.jpg".' in C:\wamp\www\yii\framework\web\CWebApplication.php:286
Stack trace:
#0 C:\wamp\www\yii\framework\web\CWebApplication.php(141): CWebApplication->runController('img_chania2.jpg')
#1 C:\wamp\www\yii\framework\base\CApplication.php(180): CWebApplication->processRequest()
#2 C:\wamp\www\convenios\index.php(13): CApplication->run()
#3 {main}
REQUEST_URI=/convenios/img_chania2.jpg
HTTP_REFERER=http://localhost:8080/convenios/
---
2015/12/16 04:22:04 [error] [exception.CHttpException.404] exception 'CHttpException' with message 'Unable to resolve the request "img_chania2.jpg".' in C:\wamp\www\yii\framework\web\CWebApplication.php:286
Stack trace:
#0 C:\wamp\www\yii\framework\web\CWebApplication.php(141): CWebApplication->runController('img_chania2.jpg')
#1 C:\wamp\www\yii\framework\base\CApplication.php(180): CWebApplication->processRequest()
#2 C:\wamp\www\convenios\index.php(13): CApplication->run()
#3 {main}
REQUEST_URI=/convenios/img_chania2.jpg
HTTP_REFERER=http://localhost:8080/convenios/
---
2015/12/16 04:22:04 [error] [exception.CHttpException.404] exception 'CHttpException' with message 'Unable to resolve the request "img_flower2.jpg".' in C:\wamp\www\yii\framework\web\CWebApplication.php:286
Stack trace:
#0 C:\wamp\www\yii\framework\web\CWebApplication.php(141): CWebApplication->runController('img_flower2.jpg')
#1 C:\wamp\www\yii\framework\base\CApplication.php(180): CWebApplication->processRequest()
#2 C:\wamp\www\convenios\index.php(13): CApplication->run()
#3 {main}
REQUEST_URI=/convenios/img_flower2.jpg
HTTP_REFERER=http://localhost:8080/convenios/
---
2015/12/16 04:22:04 [error] [exception.CHttpException.404] exception 'CHttpException' with message 'Unable to resolve the request "img_flower.jpg".' in C:\wamp\www\yii\framework\web\CWebApplication.php:286
Stack trace:
#0 C:\wamp\www\yii\framework\web\CWebApplication.php(141): CWebApplication->runController('img_flower.jpg')
#1 C:\wamp\www\yii\framework\base\CApplication.php(180): CWebApplication->processRequest()
#2 C:\wamp\www\convenios\index.php(13): CApplication->run()
#3 {main}
REQUEST_URI=/convenios/img_flower.jpg
HTTP_REFERER=http://localhost:8080/convenios/
---
2015/12/16 04:23:24 [error] [exception.CHttpException.404] exception 'CHttpException' with message 'Unable to resolve the request "img_flower2.jpg".' in C:\wamp\www\yii\framework\web\CWebApplication.php:286
Stack trace:
#0 C:\wamp\www\yii\framework\web\CWebApplication.php(141): CWebApplication->runController('img_flower2.jpg')
#1 C:\wamp\www\yii\framework\base\CApplication.php(180): CWebApplication->processRequest()
#2 C:\wamp\www\convenios\index.php(13): CApplication->run()
#3 {main}
REQUEST_URI=/convenios/img_flower2.jpg
HTTP_REFERER=http://localhost:8080/convenios/
---
2015/12/16 04:23:24 [error] [exception.CHttpException.404] exception 'CHttpException' with message 'Unable to resolve the request "img_flower.jpg".' in C:\wamp\www\yii\framework\web\CWebApplication.php:286
Stack trace:
#0 C:\wamp\www\yii\framework\web\CWebApplication.php(141): CWebApplication->runController('img_flower.jpg')
#1 C:\wamp\www\yii\framework\base\CApplication.php(180): CWebApplication->processRequest()
#2 C:\wamp\www\convenios\index.php(13): CApplication->run()
#3 {main}
REQUEST_URI=/convenios/img_flower.jpg
HTTP_REFERER=http://localhost:8080/convenios/
---
2015/12/16 04:23:24 [error] [exception.CHttpException.404] exception 'CHttpException' with message 'Unable to resolve the request "img_chania2.jpg".' in C:\wamp\www\yii\framework\web\CWebApplication.php:286
Stack trace:
#0 C:\wamp\www\yii\framework\web\CWebApplication.php(141): CWebApplication->runController('img_chania2.jpg')
#1 C:\wamp\www\yii\framework\base\CApplication.php(180): CWebApplication->processRequest()
#2 C:\wamp\www\convenios\index.php(13): CApplication->run()
#3 {main}
REQUEST_URI=/convenios/img_chania2.jpg
HTTP_REFERER=http://localhost:8080/convenios/
---
2015/12/16 04:23:29 [error] [exception.CHttpException.404] exception 'CHttpException' with message 'Unable to resolve the request "img_flower.jpg".' in C:\wamp\www\yii\framework\web\CWebApplication.php:286
Stack trace:
#0 C:\wamp\www\yii\framework\web\CWebApplication.php(141): CWebApplication->runController('img_flower.jpg')
#1 C:\wamp\www\yii\framework\base\CApplication.php(180): CWebApplication->processRequest()
#2 C:\wamp\www\convenios\index.php(13): CApplication->run()
#3 {main}
REQUEST_URI=/convenios/img_flower.jpg
HTTP_REFERER=http://localhost:8080/convenios/
---
2015/12/16 04:23:29 [error] [exception.CHttpException.404] exception 'CHttpException' with message 'Unable to resolve the request "img_flower2.jpg".' in C:\wamp\www\yii\framework\web\CWebApplication.php:286
Stack trace:
#0 C:\wamp\www\yii\framework\web\CWebApplication.php(141): CWebApplication->runController('img_flower2.jpg')
#1 C:\wamp\www\yii\framework\base\CApplication.php(180): CWebApplication->processRequest()
#2 C:\wamp\www\convenios\index.php(13): CApplication->run()
#3 {main}
REQUEST_URI=/convenios/img_flower2.jpg
HTTP_REFERER=http://localhost:8080/convenios/
---
2015/12/16 04:23:29 [error] [exception.CHttpException.404] exception 'CHttpException' with message 'Unable to resolve the request "img_chania2.jpg".' in C:\wamp\www\yii\framework\web\CWebApplication.php:286
Stack trace:
#0 C:\wamp\www\yii\framework\web\CWebApplication.php(141): CWebApplication->runController('img_chania2.jpg')
#1 C:\wamp\www\yii\framework\base\CApplication.php(180): CWebApplication->processRequest()
#2 C:\wamp\www\convenios\index.php(13): CApplication->run()
#3 {main}
REQUEST_URI=/convenios/img_chania2.jpg
HTTP_REFERER=http://localhost:8080/convenios/
---
2015/12/16 04:24:24 [error] [exception.CHttpException.404] exception 'CHttpException' with message 'Unable to resolve the request "img_flower2.jpg".' in C:\wamp\www\yii\framework\web\CWebApplication.php:286
Stack trace:
#0 C:\wamp\www\yii\framework\web\CWebApplication.php(141): CWebApplication->runController('img_flower2.jpg')
#1 C:\wamp\www\yii\framework\base\CApplication.php(180): CWebApplication->processRequest()
#2 C:\wamp\www\convenios\index.php(13): CApplication->run()
#3 {main}
REQUEST_URI=/convenios/img_flower2.jpg
HTTP_REFERER=http://localhost:8080/convenios/
---
2015/12/23 03:19:08 [error] [exception.CHttpException.404] exception 'CHttpException' with message 'Unable to resolve the request "'/convenios/themes/Classic/img/transparencia.png'".' in C:\wamp\www\yii\framework\web\CWebApplication.php:286
Stack trace:
#0 C:\wamp\www\yii\framework\web\CWebApplication.php(141): CWebApplication->runController(''/convenios/the...')
#1 C:\wamp\www\yii\framework\base\CApplication.php(180): CWebApplication->processRequest()
#2 C:\wamp\www\convenios\index.php(13): CApplication->run()
#3 {main}
REQUEST_URI=/convenios/'/convenios/themes/Classic/img/transparencia.png'
HTTP_REFERER=http://localhost:8080/convenios/
---
2015/12/23 03:19:14 [error] [exception.CHttpException.404] exception 'CHttpException' with message 'Unable to resolve the request "'/convenios/themes/Classic/img/transparencia.png'".' in C:\wamp\www\yii\framework\web\CWebApplication.php:286
Stack trace:
#0 C:\wamp\www\yii\framework\web\CWebApplication.php(141): CWebApplication->runController(''/convenios/the...')
#1 C:\wamp\www\yii\framework\base\CApplication.php(180): CWebApplication->processRequest()
#2 C:\wamp\www\convenios\index.php(13): CApplication->run()
#3 {main}
REQUEST_URI=/convenios/'/convenios/themes/Classic/img/transparencia.png'
HTTP_REFERER=http://localhost:8080/convenios/
---
2016/01/07 04:54:35 [error] [exception.CException] exception 'CException' with message 'Property "CMenu.htmlOptions " is not defined.' in C:\wamp\www\yii\framework\base\CComponent.php:173
Stack trace:
#0 C:\wamp\www\yii\framework\web\CWidgetFactory.php(161): CComponent->__set('htmlOptions ', Array)
#1 C:\wamp\www\yii\framework\web\CBaseController.php(146): CWidgetFactory->createWidget(Object(SiteController), 'zii.widgets.CMe...', Array)
#2 C:\wamp\www\yii\framework\web\CBaseController.php(172): CBaseController->createWidget('zii.widgets.CMe...', Array)
#3 C:\wamp\www\convenios\themes\classic\views\layouts\main.php(123): CBaseController->widget('zii.widgets.CMe...', Array)
#4 C:\wamp\www\yii\framework\web\CBaseController.php(126): require('C:\wamp\www\con...')
#5 C:\wamp\www\yii\framework\web\CBaseController.php(95): CBaseController->renderInternal('C:\wamp\www\con...', Array, true)
#6 C:\wamp\www\yii\framework\web\widgets\CContentDecorator.php(76): CBaseController->renderFile('C:\wamp\www\con...', Array, true)
#7 C:\wamp\www\yii\framework\web\widgets\CContentDecorator.php(54): CContentDecorator->decorate('<div id="conten...')
#8 C:\wamp\www\yii\framework\web\widgets\COutputProcessor.php(44): CContentDecorator->processOutput('<div id="conten...')
#9 C:\wamp\www\yii\framework\web\CBaseController.php(206): COutputProcessor->run()
#10 C:\wamp\www\yii\framework\web\CBaseController.php(300): CBaseController->endWidget('CContentDecorat...')
#11 C:\wamp\www\convenios\themes\classic\views\layouts\column1.php(6): CBaseController->endContent()
#12 C:\wamp\www\yii\framework\web\CBaseController.php(126): require('C:\wamp\www\con...')
#13 C:\wamp\www\yii\framework\web\CBaseController.php(95): CBaseController->renderInternal('C:\wamp\www\con...', Array, true)
#14 C:\wamp\www\yii\framework\web\CController.php(784): CBaseController->renderFile('C:\wamp\www\con...', Array, true)
#15 C:\wamp\www\convenios\protected\controllers\SiteController.php(32): CController->render('index')
#16 C:\wamp\www\yii\framework\web\actions\CInlineAction.php(49): SiteController->actionIndex()
#17 C:\wamp\www\yii\framework\web\CController.php(308): CInlineAction->runWithParams(Array)
#18 C:\wamp\www\yii\framework\web\CController.php(286): CController->runAction(Object(CInlineAction))
#19 C:\wamp\www\yii\framework\web\CController.php(265): CController->runActionWithFilters(Object(CInlineAction), Array)
#20 C:\wamp\www\yii\framework\web\CWebApplication.php(282): CController->run('')
#21 C:\wamp\www\yii\framework\web\CWebApplication.php(141): CWebApplication->runController('')
#22 C:\wamp\www\yii\framework\base\CApplication.php(180): CWebApplication->processRequest()
#23 C:\wamp\www\convenios\index.php(13): CApplication->run()
#24 {main}
REQUEST_URI=/convenios/
---
2016/01/07 15:12:43 [error] [exception.CHttpException.404] exception 'CHttpException' with message 'The system is unable to find the requested action "site".' in C:\wamp\www\yii\framework\web\CController.php:483
Stack trace:
#0 C:\wamp\www\yii\framework\web\CController.php(270): CController->missingAction('site')
#1 C:\wamp\www\yii\framework\web\CWebApplication.php(282): CController->run('site')
#2 C:\wamp\www\yii\framework\web\CWebApplication.php(141): CWebApplication->runController('site/site/index...')
#3 C:\wamp\www\yii\framework\base\CApplication.php(180): CWebApplication->processRequest()
#4 C:\wamp\www\convenios\index.php(13): CApplication->run()
#5 {main}
REQUEST_URI=/convenios/site/site/index.php
HTTP_REFERER=http://localhost:8080/convenios/site/login
---
2016/01/07 15:12:49 [error] [exception.CHttpException.404] exception 'CHttpException' with message 'The system is unable to find the requested action "site".' in C:\wamp\www\yii\framework\web\CController.php:483
Stack trace:
#0 C:\wamp\www\yii\framework\web\CController.php(270): CController->missingAction('site')
#1 C:\wamp\www\yii\framework\web\CWebApplication.php(282): CController->run('site')
#2 C:\wamp\www\yii\framework\web\CWebApplication.php(141): CWebApplication->runController('site/site/site/...')
#3 C:\wamp\www\yii\framework\base\CApplication.php(180): CWebApplication->processRequest()
#4 C:\wamp\www\convenios\index.php(13): CApplication->run()
#5 {main}
REQUEST_URI=/convenios/site/site/site/index.php
HTTP_REFERER=http://localhost:8080/convenios/site/site/index.php
---
2016/01/07 15:12:57 [error] [exception.CHttpException.404] exception 'CHttpException' with message 'The system is unable to find the requested action "site".' in C:\wamp\www\yii\framework\web\CController.php:483
Stack trace:
#0 C:\wamp\www\yii\framework\web\CController.php(270): CController->missingAction('site')
#1 C:\wamp\www\yii\framework\web\CWebApplication.php(282): CController->run('site')
#2 C:\wamp\www\yii\framework\web\CWebApplication.php(141): CWebApplication->runController('site/site/site/...')
#3 C:\wamp\www\yii\framework\base\CApplication.php(180): CWebApplication->processRequest()
#4 C:\wamp\www\convenios\index.php(13): CApplication->run()
#5 {main}
REQUEST_URI=/convenios/site/site/site/site/index.php
HTTP_REFERER=http://localhost:8080/convenios/site/site/site/index.php
---
2016/01/07 15:13:41 [error] [exception.CHttpException.404] exception 'CHttpException' with message 'The system is unable to find the requested action "site".' in C:\wamp\www\yii\framework\web\CController.php:483
Stack trace:
#0 C:\wamp\www\yii\framework\web\CController.php(270): CController->missingAction('site')
#1 C:\wamp\www\yii\framework\web\CWebApplication.php(282): CController->run('site')
#2 C:\wamp\www\yii\framework\web\CWebApplication.php(141): CWebApplication->runController('site/site/site/...')
#3 C:\wamp\www\yii\framework\base\CApplication.php(180): CWebApplication->processRequest()
#4 C:\wamp\www\convenios\index.php(13): CApplication->run()
#5 {main}
REQUEST_URI=/convenios/site/site/site/site/index.php
---
2016/01/07 15:13:51 [error] [exception.CHttpException.404] exception 'CHttpException' with message 'The system is unable to find the requested action "index.php".' in C:\wamp\www\yii\framework\web\CController.php:483
Stack trace:
#0 C:\wamp\www\yii\framework\web\CController.php(270): CController->missingAction('index.php')
#1 C:\wamp\www\yii\framework\web\CWebApplication.php(282): CController->run('index.php')
#2 C:\wamp\www\yii\framework\web\CWebApplication.php(141): CWebApplication->runController('site/index.php')
#3 C:\wamp\www\yii\framework\base\CApplication.php(180): CWebApplication->processRequest()
#4 C:\wamp\www\convenios\index.php(13): CApplication->run()
#5 {main}
REQUEST_URI=/convenios/site/index.php
---
2016/01/08 16:06:37 [error] [exception.CHttpException.404] exception 'CHttpException' with message 'The system is unable to find the requested action "informacion".' in C:\wamp\www\yii\framework\web\CController.php:483
Stack trace:
#0 C:\wamp\www\yii\framework\web\CController.php(270): CController->missingAction('informacion')
#1 C:\wamp\www\yii\framework\web\CWebApplication.php(282): CController->run('informacion')
#2 C:\wamp\www\yii\framework\web\CWebApplication.php(141): CWebApplication->runController('site/informacio...')
#3 C:\wamp\www\yii\framework\base\CApplication.php(180): CWebApplication->processRequest()
#4 C:\wamp\www\convenios\index.php(13): CApplication->run()
#5 {main}
REQUEST_URI=/convenios/site/informacion
HTTP_REFERER=http://localhost:8080/convenios/site/page?view=about
---
